<?xml version="1.0" encoding="UTF-8"?>
<testng-results ignored="0" total="10" passed="7" failed="3" skipped="0">
  <reporter-output>
  </reporter-output>
  <suite started-at="2025-08-10T11:58:27 IST" name="Suite" finished-at="2025-08-10T11:58:55 IST" duration-ms="28286">
    <groups>
    </groups>
    <test started-at="2025-08-10T11:58:27 IST" name="Test" finished-at="2025-08-10T11:58:55 IST" duration-ms="28286">
      <class name="api.test.DDTests">
        <test-method signature="testPostuser(java.lang.String,java.lang.String,java.lang.String,java.lang.String,java.lang.String,java.lang.String,java.lang.String)[pri:1, instance:api.test.DDTests@14dd9eb7]" started-at="2025-08-10T11:58:34 IST" name="testPostuser" data-provider="Data" finished-at="2025-08-10T11:58:44 IST" duration-ms="10256" status="PASS">
          <params>
            <param index="0">
              <value>
                <![CDATA[10012]]>
              </value>
            </param>
            <param index="1">
              <value>
                <![CDATA[Uname012]]>
              </value>
            </param>
            <param index="2">
              <value>
                <![CDATA[Fname012]]>
              </value>
            </param>
            <param index="3">
              <value>
                <![CDATA[Lname012]]>
              </value>
            </param>
            <param index="4">
              <value>
                <![CDATA[mail001@sample.com]]>
              </value>
            </param>
            <param index="5">
              <value>
                <![CDATA[pass012]]>
              </value>
            </param>
            <param index="6">
              <value>
                <![CDATA[1234567812]]>
              </value>
            </param>
          </params>
          <reporter-output>
          </reporter-output>
        </test-method> <!-- testPostuser -->
        <test-method signature="testPostuser(java.lang.String,java.lang.String,java.lang.String,java.lang.String,java.lang.String,java.lang.String,java.lang.String)[pri:1, instance:api.test.DDTests@14dd9eb7]" started-at="2025-08-10T11:58:44 IST" name="testPostuser" data-provider="Data" finished-at="2025-08-10T11:58:45 IST" duration-ms="1240" status="PASS">
          <params>
            <param index="0">
              <value>
                <![CDATA[10013]]>
              </value>
            </param>
            <param index="1">
              <value>
                <![CDATA[Uname013]]>
              </value>
            </param>
            <param index="2">
              <value>
                <![CDATA[Fname013]]>
              </value>
            </param>
            <param index="3">
              <value>
                <![CDATA[Lname013]]>
              </value>
            </param>
            <param index="4">
              <value>
                <![CDATA[mail003@sample.com]]>
              </value>
            </param>
            <param index="5">
              <value>
                <![CDATA[pass013]]>
              </value>
            </param>
            <param index="6">
              <value>
                <![CDATA[1234567813]]>
              </value>
            </param>
          </params>
          <reporter-output>
          </reporter-output>
        </test-method> <!-- testPostuser -->
        <test-method signature="testPostuser(java.lang.String,java.lang.String,java.lang.String,java.lang.String,java.lang.String,java.lang.String,java.lang.String)[pri:1, instance:api.test.DDTests@14dd9eb7]" started-at="2025-08-10T11:58:45 IST" name="testPostuser" data-provider="Data" finished-at="2025-08-10T11:58:46 IST" duration-ms="1174" status="PASS">
          <params>
            <param index="0">
              <value>
                <![CDATA[10014]]>
              </value>
            </param>
            <param index="1">
              <value>
                <![CDATA[Uname014]]>
              </value>
            </param>
            <param index="2">
              <value>
                <![CDATA[Fname014]]>
              </value>
            </param>
            <param index="3">
              <value>
                <![CDATA[Lname014]]>
              </value>
            </param>
            <param index="4">
              <value>
                <![CDATA[mail002@sample.com]]>
              </value>
            </param>
            <param index="5">
              <value>
                <![CDATA[pass014]]>
              </value>
            </param>
            <param index="6">
              <value>
                <![CDATA[1234567814]]>
              </value>
            </param>
          </params>
          <reporter-output>
          </reporter-output>
        </test-method> <!-- testPostuser -->
        <test-method signature="testPostuser(java.lang.String,java.lang.String,java.lang.String,java.lang.String,java.lang.String,java.lang.String,java.lang.String)[pri:1, instance:api.test.DDTests@14dd9eb7]" started-at="2025-08-10T11:58:46 IST" name="testPostuser" data-provider="Data" finished-at="2025-08-10T11:58:48 IST" duration-ms="1188" status="PASS">
          <params>
            <param index="0">
              <value>
                <![CDATA[10015]]>
              </value>
            </param>
            <param index="1">
              <value>
                <![CDATA[Uname015]]>
              </value>
            </param>
            <param index="2">
              <value>
                <![CDATA[Fname015]]>
              </value>
            </param>
            <param index="3">
              <value>
                <![CDATA[Lname015]]>
              </value>
            </param>
            <param index="4">
              <value>
                <![CDATA[mail002@sample.com]]>
              </value>
            </param>
            <param index="5">
              <value>
                <![CDATA[pass015]]>
              </value>
            </param>
            <param index="6">
              <value>
                <![CDATA[1234567815]]>
              </value>
            </param>
          </params>
          <reporter-output>
          </reporter-output>
        </test-method> <!-- testPostuser -->
        <test-method signature="testPostuser(java.lang.String,java.lang.String,java.lang.String,java.lang.String,java.lang.String,java.lang.String,java.lang.String)[pri:1, instance:api.test.DDTests@14dd9eb7]" started-at="2025-08-10T11:58:48 IST" name="testPostuser" data-provider="Data" finished-at="2025-08-10T11:58:49 IST" duration-ms="1181" status="PASS">
          <params>
            <param index="0">
              <value>
                <![CDATA[10016]]>
              </value>
            </param>
            <param index="1">
              <value>
                <![CDATA[Uname016]]>
              </value>
            </param>
            <param index="2">
              <value>
                <![CDATA[Fname016]]>
              </value>
            </param>
            <param index="3">
              <value>
                <![CDATA[Lname016]]>
              </value>
            </param>
            <param index="4">
              <value>
                <![CDATA[mail002@sample.com]]>
              </value>
            </param>
            <param index="5">
              <value>
                <![CDATA[pass016]]>
              </value>
            </param>
            <param index="6">
              <value>
                <![CDATA[1234567816]]>
              </value>
            </param>
          </params>
          <reporter-output>
          </reporter-output>
        </test-method> <!-- testPostuser -->
        <test-method signature="testDeleteuser(java.lang.String)[pri:2, instance:api.test.DDTests@14dd9eb7]" started-at="2025-08-10T11:58:49 IST" name="testDeleteuser" data-provider="UserNames" finished-at="2025-08-10T11:58:50 IST" duration-ms="1247" status="FAIL">
          <params>
            <param index="0">
              <value>
                <![CDATA[Uname012]]>
              </value>
            </param>
          </params>
          <exception class="java.lang.AssertionError">
            <message>
              <![CDATA[Validatating response code :Uname012 expected [200] but found [404]]]>
            </message>
            <full-stacktrace>
              <![CDATA[java.lang.AssertionError: Validatating response code :Uname012 expected [200] but found [404]
at org.testng.Assert.fail(Assert.java:111)
at org.testng.Assert.failNotEquals(Assert.java:1590)
at org.testng.Assert.assertEqualsImpl(Assert.java:150)
at org.testng.Assert.assertEquals(Assert.java:132)
at org.testng.Assert.assertEquals(Assert.java:1431)
at org.testng.Assert.assertEquals(Assert.java:1395)
at api.test.DDTests.testDeleteuser(DDTests.java:109)
at java.base/jdk.internal.reflect.DirectMethodHandleAccessor.invoke(DirectMethodHandleAccessor.java:103)
at java.base/java.lang.reflect.Method.invoke(Method.java:580)
at org.testng.internal.invokers.MethodInvocationHelper.invokeMethod(MethodInvocationHelper.java:141)
at org.testng.internal.invokers.TestInvoker.invokeMethod(TestInvoker.java:687)
at org.testng.internal.invokers.TestInvoker.invokeTestMethod(TestInvoker.java:230)
at org.testng.internal.invokers.MethodRunner.runInSequence(MethodRunner.java:63)
at org.testng.internal.invokers.TestInvoker$MethodInvocationAgent.invoke(TestInvoker.java:995)
at org.testng.internal.invokers.TestInvoker.invokeTestMethods(TestInvoker.java:203)
at org.testng.internal.invokers.TestMethodWorker.invokeTestMethods(TestMethodWorker.java:154)
at org.testng.internal.invokers.TestMethodWorker.run(TestMethodWorker.java:134)
at java.base/java.util.ArrayList.forEach(ArrayList.java:1596)
at org.testng.TestRunner.privateRun(TestRunner.java:741)
at org.testng.TestRunner.run(TestRunner.java:616)
at org.testng.SuiteRunner.runTest(SuiteRunner.java:421)
at org.testng.SuiteRunner.runSequentially(SuiteRunner.java:413)
at org.testng.SuiteRunner.privateRun(SuiteRunner.java:373)
at org.testng.SuiteRunner.run(SuiteRunner.java:312)
at org.testng.SuiteRunnerWorker.runSuite(SuiteRunnerWorker.java:52)
at org.testng.SuiteRunnerWorker.run(SuiteRunnerWorker.java:95)
at org.testng.TestNG.runSuitesSequentially(TestNG.java:1274)
at org.testng.TestNG.runSuitesLocally(TestNG.java:1208)
at org.testng.TestNG.runSuites(TestNG.java:1112)
at org.testng.TestNG.run(TestNG.java:1079)
at org.apache.maven.surefire.testng.TestNGExecutor.run(TestNGExecutor.java:308)
at org.apache.maven.surefire.testng.TestNGXmlTestSuite.execute(TestNGXmlTestSuite.java:71)
at org.apache.maven.surefire.testng.TestNGProvider.invoke(TestNGProvider.java:113)
at org.apache.maven.surefire.booter.ForkedBooter.runSuitesInProcess(ForkedBooter.java:385)
at org.apache.maven.surefire.booter.ForkedBooter.execute(ForkedBooter.java:162)
at org.apache.maven.surefire.booter.ForkedBooter.run(ForkedBooter.java:507)
at org.apache.maven.surefire.booter.ForkedBooter.main(ForkedBooter.java:495)
]]>
            </full-stacktrace>
          </exception> <!-- java.lang.AssertionError -->
          <reporter-output>
          </reporter-output>
        </test-method> <!-- testDeleteuser -->
        <test-method signature="testDeleteuser(java.lang.String)[pri:2, instance:api.test.DDTests@14dd9eb7]" started-at="2025-08-10T11:58:50 IST" name="testDeleteuser" data-provider="UserNames" finished-at="2025-08-10T11:58:51 IST" duration-ms="1128" status="FAIL">
          <params>
            <param index="0">
              <value>
                <![CDATA[Uname013]]>
              </value>
            </param>
          </params>
          <exception class="java.lang.AssertionError">
            <message>
              <![CDATA[Validatating response code :Uname013 expected [200] but found [404]]]>
            </message>
            <full-stacktrace>
              <![CDATA[java.lang.AssertionError: Validatating response code :Uname013 expected [200] but found [404]
at org.testng.Assert.fail(Assert.java:111)
at org.testng.Assert.failNotEquals(Assert.java:1590)
at org.testng.Assert.assertEqualsImpl(Assert.java:150)
at org.testng.Assert.assertEquals(Assert.java:132)
at org.testng.Assert.assertEquals(Assert.java:1431)
at org.testng.Assert.assertEquals(Assert.java:1395)
at api.test.DDTests.testDeleteuser(DDTests.java:109)
at java.base/jdk.internal.reflect.DirectMethodHandleAccessor.invoke(DirectMethodHandleAccessor.java:103)
at java.base/java.lang.reflect.Method.invoke(Method.java:580)
at org.testng.internal.invokers.MethodInvocationHelper.invokeMethod(MethodInvocationHelper.java:141)
at org.testng.internal.invokers.TestInvoker.invokeMethod(TestInvoker.java:687)
at org.testng.internal.invokers.TestInvoker.invokeTestMethod(TestInvoker.java:230)
at org.testng.internal.invokers.MethodRunner.runInSequence(MethodRunner.java:63)
at org.testng.internal.invokers.TestInvoker$MethodInvocationAgent.invoke(TestInvoker.java:995)
at org.testng.internal.invokers.TestInvoker.invokeTestMethods(TestInvoker.java:203)
at org.testng.internal.invokers.TestMethodWorker.invokeTestMethods(TestMethodWorker.java:154)
at org.testng.internal.invokers.TestMethodWorker.run(TestMethodWorker.java:134)
at java.base/java.util.ArrayList.forEach(ArrayList.java:1596)
at org.testng.TestRunner.privateRun(TestRunner.java:741)
at org.testng.TestRunner.run(TestRunner.java:616)
at org.testng.SuiteRunner.runTest(SuiteRunner.java:421)
at org.testng.SuiteRunner.runSequentially(SuiteRunner.java:413)
at org.testng.SuiteRunner.privateRun(SuiteRunner.java:373)
at org.testng.SuiteRunner.run(SuiteRunner.java:312)
at org.testng.SuiteRunnerWorker.runSuite(SuiteRunnerWorker.java:52)
at org.testng.SuiteRunnerWorker.run(SuiteRunnerWorker.java:95)
at org.testng.TestNG.runSuitesSequentially(TestNG.java:1274)
at org.testng.TestNG.runSuitesLocally(TestNG.java:1208)
at org.testng.TestNG.runSuites(TestNG.java:1112)
at org.testng.TestNG.run(TestNG.java:1079)
at org.apache.maven.surefire.testng.TestNGExecutor.run(TestNGExecutor.java:308)
at org.apache.maven.surefire.testng.TestNGXmlTestSuite.execute(TestNGXmlTestSuite.java:71)
at org.apache.maven.surefire.testng.TestNGProvider.invoke(TestNGProvider.java:113)
at org.apache.maven.surefire.booter.ForkedBooter.runSuitesInProcess(ForkedBooter.java:385)
at org.apache.maven.surefire.booter.ForkedBooter.execute(ForkedBooter.java:162)
at org.apache.maven.surefire.booter.ForkedBooter.run(ForkedBooter.java:507)
at org.apache.maven.surefire.booter.ForkedBooter.main(ForkedBooter.java:495)
]]>
            </full-stacktrace>
          </exception> <!-- java.lang.AssertionError -->
          <reporter-output>
          </reporter-output>
        </test-method> <!-- testDeleteuser -->
        <test-method signature="testDeleteuser(java.lang.String)[pri:2, instance:api.test.DDTests@14dd9eb7]" started-at="2025-08-10T11:58:52 IST" name="testDeleteuser" data-provider="UserNames" finished-at="2025-08-10T11:58:53 IST" duration-ms="1147" status="PASS">
          <params>
            <param index="0">
              <value>
                <![CDATA[Uname014]]>
              </value>
            </param>
          </params>
          <reporter-output>
          </reporter-output>
        </test-method> <!-- testDeleteuser -->
        <test-method signature="testDeleteuser(java.lang.String)[pri:2, instance:api.test.DDTests@14dd9eb7]" started-at="2025-08-10T11:58:53 IST" name="testDeleteuser" data-provider="UserNames" finished-at="2025-08-10T11:58:54 IST" duration-ms="1228" status="PASS">
          <params>
            <param index="0">
              <value>
                <![CDATA[Uname015]]>
              </value>
            </param>
          </params>
          <reporter-output>
          </reporter-output>
        </test-method> <!-- testDeleteuser -->
        <test-method signature="testDeleteuser(java.lang.String)[pri:2, instance:api.test.DDTests@14dd9eb7]" started-at="2025-08-10T11:58:54 IST" name="testDeleteuser" data-provider="UserNames" finished-at="2025-08-10T11:58:55 IST" duration-ms="1129" status="FAIL">
          <params>
            <param index="0">
              <value>
                <![CDATA[Uname016]]>
              </value>
            </param>
          </params>
          <exception class="java.lang.AssertionError">
            <message>
              <![CDATA[Validatating response code :Uname016 expected [200] but found [404]]]>
            </message>
            <full-stacktrace>
              <![CDATA[java.lang.AssertionError: Validatating response code :Uname016 expected [200] but found [404]
at org.testng.Assert.fail(Assert.java:111)
at org.testng.Assert.failNotEquals(Assert.java:1590)
at org.testng.Assert.assertEqualsImpl(Assert.java:150)
at org.testng.Assert.assertEquals(Assert.java:132)
at org.testng.Assert.assertEquals(Assert.java:1431)
at org.testng.Assert.assertEquals(Assert.java:1395)
at api.test.DDTests.testDeleteuser(DDTests.java:109)
at java.base/jdk.internal.reflect.DirectMethodHandleAccessor.invoke(DirectMethodHandleAccessor.java:103)
at java.base/java.lang.reflect.Method.invoke(Method.java:580)
at org.testng.internal.invokers.MethodInvocationHelper.invokeMethod(MethodInvocationHelper.java:141)
at org.testng.internal.invokers.TestInvoker.invokeMethod(TestInvoker.java:687)
at org.testng.internal.invokers.TestInvoker.invokeTestMethod(TestInvoker.java:230)
at org.testng.internal.invokers.MethodRunner.runInSequence(MethodRunner.java:63)
at org.testng.internal.invokers.TestInvoker$MethodInvocationAgent.invoke(TestInvoker.java:995)
at org.testng.internal.invokers.TestInvoker.invokeTestMethods(TestInvoker.java:203)
at org.testng.internal.invokers.TestMethodWorker.invokeTestMethods(TestMethodWorker.java:154)
at org.testng.internal.invokers.TestMethodWorker.run(TestMethodWorker.java:134)
at java.base/java.util.ArrayList.forEach(ArrayList.java:1596)
at org.testng.TestRunner.privateRun(TestRunner.java:741)
at org.testng.TestRunner.run(TestRunner.java:616)
at org.testng.SuiteRunner.runTest(SuiteRunner.java:421)
at org.testng.SuiteRunner.runSequentially(SuiteRunner.java:413)
at org.testng.SuiteRunner.privateRun(SuiteRunner.java:373)
at org.testng.SuiteRunner.run(SuiteRunner.java:312)
at org.testng.SuiteRunnerWorker.runSuite(SuiteRunnerWorker.java:52)
at org.testng.SuiteRunnerWorker.run(SuiteRunnerWorker.java:95)
at org.testng.TestNG.runSuitesSequentially(TestNG.java:1274)
at org.testng.TestNG.runSuitesLocally(TestNG.java:1208)
at org.testng.TestNG.runSuites(TestNG.java:1112)
at org.testng.TestNG.run(TestNG.java:1079)
at org.apache.maven.surefire.testng.TestNGExecutor.run(TestNGExecutor.java:308)
at org.apache.maven.surefire.testng.TestNGXmlTestSuite.execute(TestNGXmlTestSuite.java:71)
at org.apache.maven.surefire.testng.TestNGProvider.invoke(TestNGProvider.java:113)
at org.apache.maven.surefire.booter.ForkedBooter.runSuitesInProcess(ForkedBooter.java:385)
at org.apache.maven.surefire.booter.ForkedBooter.execute(ForkedBooter.java:162)
at org.apache.maven.surefire.booter.ForkedBooter.run(ForkedBooter.java:507)
at org.apache.maven.surefire.booter.ForkedBooter.main(ForkedBooter.java:495)
]]>
            </full-stacktrace>
          </exception> <!-- java.lang.AssertionError -->
          <reporter-output>
          </reporter-output>
        </test-method> <!-- testDeleteuser -->
      </class> <!-- api.test.DDTests -->
    </test> <!-- Test -->
  </suite> <!-- Suite -->
</testng-results>
